# JRE version: Java(TM) SE Runtime Environment (8.0_73-b02) (build 1.8.0_73-b02)
# Java VM: Java HotSpot(TM) 64-Bit Server VM (25.73-b02 mixed mode windows-amd64 compressed oops)
Heap:
 PSYoungGen      total 419328K, used 417504K [0x000000076bd80000, 0x0000000785a00000, 0x00000007c0000000)
  eden space 416256K, 100% used [0x000000076bd80000,0x0000000785400000,0x0000000785400000)
  from space 3072K, 40% used [0x0000000785700000,0x0000000785838000,0x0000000785a00000)
  to   space 3072K, 0% used [0x0000000785400000,0x0000000785400000,0x0000000785700000)
 ParOldGen       total 173568K, used 20547K [0x00000006c3800000, 0x00000006ce180000, 0x000000076bd80000)
  object space 173568K, 11% used [0x00000006c3800000,0x00000006c4c10dd0,0x00000006ce180000)
 Metaspace       used 3926K, capacity 4736K, committed 4864K, reserved 1056768K
  class space    used 439K, capacity 496K, committed 512K, reserved 1048576K
GC Heap History (10 events):
Event: 4.113 GC heap before
{Heap before GC invocations=16 (full 0):
 PSYoungGen      total 419328K, used 417472K [0x000000076bd80000, 0x0000000785a00000, 0x00000007c0000000)
  eden space 416256K, 100% used [0x000000076bd80000,0x0000000785400000,0x0000000785400000)
  from space 3072K, 39% used [0x0000000785400000,0x0000000785530000,0x0000000785700000)
  to   space 3072K, 0% used [0x0000000785700000,0x0000000785700000,0x0000000785a00000)
 ParOldGen       total 173568K, used 12373K [0x00000006c3800000, 0x00000006ce180000, 0x000000076bd80000)
  object space 173568K, 7% used [0x00000006c3800000,0x00000006c44154d8,0x00000006ce180000)
 Metaspace       used 3879K, capacity 4736K, committed 4864K, reserved 1056768K
  class space    used 435K, capacity 496K, committed 512K, reserved 1048576K
Event: 4.124 GC heap after
Heap after GC invocations=16 (full 0):
 PSYoungGen      total 419328K, used 1248K [0x000000076bd80000, 0x0000000785a00000, 0x00000007c0000000)
  eden space 416256K, 0% used [0x000000076bd80000,0x000000076bd80000,0x0000000785400000)
  from space 3072K, 40% used [0x0000000785700000,0x0000000785838000,0x0000000785a00000)
  to   space 3072K, 0% used [0x0000000785400000,0x0000000785400000,0x0000000785700000)
 ParOldGen       total 173568K, used 13581K [0x00000006c3800000, 0x00000006ce180000, 0x000000076bd80000)
  object space 173568K, 7% used [0x00000006c3800000,0x00000006c45434d8,0x00000006ce180000)
 Metaspace       used 3879K, capacity 4736K, committed 4864K, reserved 1056768K
  class space    used 435K, capacity 496K, committed 512K, reserved 1048576K
}
Event: 4.451 GC heap before
{Heap before GC invocations=17 (full 0):
 PSYoungGen      total 419328K, used 417504K [0x000000076bd80000, 0x0000000785a00000, 0x00000007c0000000)
  eden space 416256K, 100% used [0x000000076bd80000,0x0000000785400000,0x0000000785400000)
  from space 3072K, 40% used [0x0000000785700000,0x0000000785838000,0x0000000785a00000)
  to   space 3072K, 0% used [0x0000000785400000,0x0000000785400000,0x0000000785700000)
 ParOldGen       total 173568K, used 13581K [0x00000006c3800000, 0x00000006ce180000, 0x000000076bd80000)
  object space 173568K, 7% used [0x00000006c3800000,0x00000006c45434d8,0x00000006ce180000)
 Metaspace       used 3880K, capacity 4736K, committed 4864K, reserved 1056768K
  class space    used 435K, capacity 496K, committed 512K, reserved 1048576K
Event: 4.460 GC heap after
Heap after GC invocations=17 (full 0):
 PSYoungGen      total 419328K, used 3070K [0x000000076bd80000, 0x0000000785a00000, 0x00000007c0000000)
  eden space 416256K, 0% used [0x000000076bd80000,0x000000076bd80000,0x0000000785400000)
  from space 3072K, 99% used [0x0000000785400000,0x00000007856ff8f8,0x0000000785700000)
  to   space 3072K, 0% used [0x0000000785700000,0x0000000785700000,0x0000000785a00000)
 ParOldGen       total 173568K, used 15037K [0x00000006c3800000, 0x00000006ce180000, 0x000000076bd80000)
  object space 173568K, 8% used [0x00000006c3800000,0x00000006c46af4d8,0x00000006ce180000)
 Metaspace       used 3880K, capacity 4736K, committed 4864K, reserved 1056768K
  class space    used 435K, capacity 496K, committed 512K, reserved 1048576K
}
Event: 4.815 GC heap before
{Heap before GC invocations=18 (full 0):
 PSYoungGen      total 419328K, used 419326K [0x000000076bd80000, 0x0000000785a00000, 0x00000007c0000000)
  eden space 416256K, 100% used [0x000000076bd80000,0x0000000785400000,0x0000000785400000)
  from space 3072K, 99% used [0x0000000785400000,0x00000007856ff8f8,0x0000000785700000)
  to   space 3072K, 0% used [0x0000000785700000,0x0000000785700000,0x0000000785a00000)
 ParOldGen       total 173568K, used 15037K [0x00000006c3800000, 0x00000006ce180000, 0x000000076bd80000)
  object space 173568K, 8% used [0x00000006c3800000,0x00000006c46af4d8,0x00000006ce180000)
 Metaspace       used 3881K, capacity 4736K, committed 4864K, reserved 1056768K
  class space    used 435K, capacity 496K, committed 512K, reserved 1048576K
Event: 4.822 GC heap after
Heap after GC invocations=18 (full 0):
 PSYoungGen      total 419328K, used 1248K [0x000000076bd80000, 0x0000000785a00000, 0x00000007c0000000)
  eden space 416256K, 0% used [0x000000076bd80000,0x000000076bd80000,0x0000000785400000)
  from space 3072K, 40% used [0x0000000785700000,0x0000000785838000,0x0000000785a00000)
  to   space 3072K, 0% used [0x0000000785400000,0x0000000785400000,0x0000000785700000)
 ParOldGen       total 173568K, used 18123K [0x00000006c3800000, 0x00000006ce180000, 0x000000076bd80000)
  object space 173568K, 10% used [0x00000006c3800000,0x00000006c49b2dd0,0x00000006ce180000)
 Metaspace       used 3881K, capacity 4736K, committed 4864K, reserved 1056768K
  class space    used 435K, capacity 496K, committed 512K, reserved 1048576K
}
Event: 5.131 GC heap before
{Heap before GC invocations=19 (full 0):
 PSYoungGen      total 419328K, used 417504K [0x000000076bd80000, 0x0000000785a00000, 0x00000007c0000000)
  eden space 416256K, 100% used [0x000000076bd80000,0x0000000785400000,0x0000000785400000)
  from space 3072K, 40% used [0x0000000785700000,0x0000000785838000,0x0000000785a00000)
  to   space 3072K, 0% used [0x0000000785400000,0x0000000785400000,0x0000000785700000)
 ParOldGen       total 173568K, used 18123K [0x00000006c3800000, 0x00000006ce180000, 0x000000076bd80000)
  object space 173568K, 10% used [0x00000006c3800000,0x00000006c49b2dd0,0x00000006ce180000)
 Metaspace       used 3881K, capacity 4736K, committed 4864K, reserved 1056768K
  class space    used 435K, capacity 496K, committed 512K, reserved 1048576K
Event: 5.147 GC heap after
Heap after GC invocations=19 (full 0):
 PSYoungGen      total 419328K, used 1280K [0x000000076bd80000, 0x0000000785a00000, 0x00000007c0000000)
  eden space 416256K, 0% used [0x000000076bd80000,0x000000076bd80000,0x0000000785400000)
  from space 3072K, 41% used [0x0000000785400000,0x0000000785540000,0x0000000785700000)
  to   space 3072K, 0% used [0x0000000785700000,0x0000000785700000,0x0000000785a00000)
 ParOldGen       total 173568K, used 19339K [0x00000006c3800000, 0x00000006ce180000, 0x000000076bd80000)
  object space 173568K, 11% used [0x00000006c3800000,0x00000006c4ae2dd0,0x00000006ce180000)
 Metaspace       used 3881K, capacity 4736K, committed 4864K, reserved 1056768K
  class space    used 435K, capacity 496K, committed 512K, reserved 1048576K
}
Event: 5.460 GC heap before
{Heap before GC invocations=20 (full 0):
 PSYoungGen      total 419328K, used 417536K [0x000000076bd80000, 0x0000000785a00000, 0x00000007c0000000)
  eden space 416256K, 100% used [0x000000076bd80000,0x0000000785400000,0x0000000785400000)
  from space 3072K, 41% used [0x0000000785400000,0x0000000785540000,0x0000000785700000)
  to   space 3072K, 0% used [0x0000000785700000,0x0000000785700000,0x0000000785a00000)
 ParOldGen       total 173568K, used 19339K [0x00000006c3800000, 0x00000006ce180000, 0x000000076bd80000)
  object space 173568K, 11% used [0x00000006c3800000,0x00000006c4ae2dd0,0x00000006ce180000)
 Metaspace       used 3881K, capacity 4736K, committed 4864K, reserved 1056768K
  class space    used 435K, capacity 496K, committed 512K, reserved 1048576K
Event: 5.471 GC heap after
Heap after GC invocations=20 (full 0):
 PSYoungGen      total 419328K, used 1248K [0x000000076bd80000, 0x0000000785a00000, 0x00000007c0000000)
  eden space 416256K, 0% used [0x000000076bd80000,0x000000076bd80000,0x0000000785400000)
  from space 3072K, 40% used [0x0000000785700000,0x0000000785838000,0x0000000785a00000)
  to   space 3072K, 0% used [0x0000000785400000,0x0000000785400000,0x0000000785700000)
 ParOldGen       total 173568K, used 20547K [0x00000006c3800000, 0x00000006ce180000, 0x000000076bd80000)
  object space 173568K, 11% used [0x00000006c3800000,0x00000006c4c10dd0,0x00000006ce180000)
 Metaspace       used 3881K, capacity 4736K, committed 4864K, reserved 1056768K
  class space    used 435K, capacity 496K, committed 512K, reserved 1048576K
}

